<?xml version="1.0" encoding="UTF-8"?>
<TestRun id="0e51c8f5-e7d8-40cf-9695-af562c0676a5" name="ian@TOTORO 2011-04-24 18:28:59" runUser="Totoro\ian" xmlns="http://microsoft.com/schemas/VisualStudio/TeamTest/2010">
  <TestSettings name="Local" id="4086bb99-4879-4a3b-8a59-bbea98ebebc6">
    <Description>These are default test settings for a local test run.</Description>
    <Deployment enabled="false" runDeploymentRoot="ian_TOTORO 2011-04-24 18_28_59">
      <DeploymentItem filename="C:\Users\ian\Desktop\EECS-311 Assignment 2\HappyFunBlob\bin\x86\Release\HappyFunBlob.exe" />
    </Deployment>
    <Execution>
      <TestTypeSpecific />
      <AgentRule name="Execution Agents">
      </AgentRule>
    </Execution>
  </TestSettings>
  <Times creation="2011-04-24T18:28:59.8572976-05:00" queuing="2011-04-24T18:29:00.4473313-05:00" start="2011-04-24T18:29:00.6243415-05:00" finish="2011-04-24T18:29:01.6113979-05:00" />
  <ResultSummary outcome="Failed">
    <Counters total="20" executed="20" error="0" failed="20" timeout="0" aborted="0" inconclusive="0" passedButRunAborted="0" notRunnable="0" notExecuted="0" disconnected="0" warning="0" passed="0" completed="0" inProgress="0" pending="0" />
  </ResultSummary>
  <TestDefinitions>
    <UnitTest name="IndirectAssignmentTest" storage="c:\users\ian\desktop\eecs-311 assignment 2\tests\bin\release\tests.dll" id="430e6d44-5c9c-f0f3-69bf-25fc12219deb">
      <Execution id="078d7fca-bb56-4f92-86a4-982ea913b48d" />
      <TestMethod codeBase="C:/Users/ian/Desktop/EECS-311 Assignment 2/Tests/bin/Release/Tests.DLL" adapterTypeName="Microsoft.VisualStudio.TestTools.TestTypes.Unit.UnitTestAdapter, Microsoft.VisualStudio.QualityTools.Tips.UnitTest.Adapter, Version=10.0.0.0, Culture=neutral, PublicKeyToken=b03f5f7f11d50a3a" className="DictionaryTests.VariableAssignmentTest, Tests, Version=1.0.0.0, Culture=neutral, PublicKeyToken=null" name="IndirectAssignmentTest" />
    </UnitTest>
    <UnitTest name="OverwriteUsingAddTest" storage="c:\users\ian\desktop\eecs-311 assignment 2\tests\bin\release\tests.dll" id="2ac26f14-7b0e-8a7b-7d99-8a6bf6539468">
      <Execution id="80293732-45af-4c81-8807-9a84eed1d042" />
      <TestMethod codeBase="C:/Users/ian/Desktop/EECS-311 Assignment 2/Tests/bin/Release/Tests.DLL" adapterTypeName="Microsoft.VisualStudio.TestTools.TestTypes.Unit.UnitTestAdapter, Microsoft.VisualStudio.QualityTools.Tips.UnitTest.Adapter, Version=10.0.0.0, Culture=neutral, PublicKeyToken=b03f5f7f11d50a3a" className="DictionaryTests.ListDictionaryTest, Tests, Version=1.0.0.0, Culture=neutral, PublicKeyToken=null" name="OverwriteUsingAddTest" />
    </UnitTest>
    <UnitTest name="MemberMethodTest1Arg" storage="c:\users\ian\desktop\eecs-311 assignment 2\tests\bin\release\tests.dll" id="90c0feba-8300-4d5d-9569-c2383b974ca7">
      <Execution id="fce1f902-d96b-4d8f-a9ca-8bd8eea91841" />
      <TestMethod codeBase="C:/Users/ian/Desktop/EECS-311 Assignment 2/Tests/bin/Release/Tests.DLL" adapterTypeName="Microsoft.VisualStudio.TestTools.TestTypes.Unit.UnitTestAdapter, Microsoft.VisualStudio.QualityTools.Tips.UnitTest.Adapter, Version=10.0.0.0, Culture=neutral, PublicKeyToken=b03f5f7f11d50a3a" className="DictionaryTests.MemberAssignmentTest, Tests, Version=1.0.0.0, Culture=neutral, PublicKeyToken=null" name="MemberMethodTest1Arg" />
    </UnitTest>
    <UnitTest name="VariableAssignTest" storage="c:\users\ian\desktop\eecs-311 assignment 2\tests\bin\release\tests.dll" id="c0df9bb7-afa1-94fd-32c4-7ccca67ca1d6">
      <Execution id="710249bd-636a-41b0-a4b5-bede72285471" />
      <TestMethod codeBase="C:/Users/ian/Desktop/EECS-311 Assignment 2/Tests/bin/Release/Tests.DLL" adapterTypeName="Microsoft.VisualStudio.TestTools.TestTypes.Unit.UnitTestAdapter, Microsoft.VisualStudio.QualityTools.Tips.UnitTest.Adapter, Version=10.0.0.0, Culture=neutral, PublicKeyToken=b03f5f7f11d50a3a" className="DictionaryTests.VariableAssignmentTest, Tests, Version=1.0.0.0, Culture=neutral, PublicKeyToken=null" name="VariableAssignTest" />
    </UnitTest>
    <UnitTest name="ListDictionaryConstructorTest" storage="c:\users\ian\desktop\eecs-311 assignment 2\tests\bin\release\tests.dll" id="d354d05d-5a14-6853-83aa-d07785f73845">
      <Execution id="ce6d0a5b-a3cf-457b-9761-bf1a666b8db9" />
      <TestMethod codeBase="C:/Users/ian/Desktop/EECS-311 Assignment 2/Tests/bin/Release/Tests.DLL" adapterTypeName="Microsoft.VisualStudio.TestTools.TestTypes.Unit.UnitTestAdapter, Microsoft.VisualStudio.QualityTools.Tips.UnitTest.Adapter, Version=10.0.0.0, Culture=neutral, PublicKeyToken=b03f5f7f11d50a3a" className="DictionaryTests.ListDictionaryTest, Tests, Version=1.0.0.0, Culture=neutral, PublicKeyToken=null" name="ListDictionaryConstructorTest" />
    </UnitTest>
    <UnitTest name="RunTest" storage="c:\users\ian\desktop\eecs-311 assignment 2\tests\bin\release\tests.dll" id="f5a341c8-0f31-edff-6652-5dd107e4450c">
      <Execution id="bc3046e4-3425-4fb4-83e1-4544bb739549" />
      <TestMethod codeBase="C:/Users/ian/Desktop/EECS-311 Assignment 2/Tests/bin/Release/Tests.DLL" adapterTypeName="Microsoft.VisualStudio.TestTools.TestTypes.Unit.UnitTestAdapter, Microsoft.VisualStudio.QualityTools.Tips.UnitTest.Adapter, Version=10.0.0.0, Culture=neutral, PublicKeyToken=b03f5f7f11d50a3a" className="DictionaryTests.VariableReferenceTest, Tests, Version=1.0.0.0, Culture=neutral, PublicKeyToken=null" name="RunTest" />
    </UnitTest>
    <UnitTest name="RunConstantIntegerTest" storage="c:\users\ian\desktop\eecs-311 assignment 2\tests\bin\release\tests.dll" id="570d2617-c093-c0d9-5da1-5e705ca1262d">
      <Execution id="5f26392a-d38b-4059-9abd-71e27cab681d" />
      <TestMethod codeBase="C:/Users/ian/Desktop/EECS-311 Assignment 2/Tests/bin/Release/Tests.DLL" adapterTypeName="Microsoft.VisualStudio.TestTools.TestTypes.Unit.UnitTestAdapter, Microsoft.VisualStudio.QualityTools.Tips.UnitTest.Adapter, Version=10.0.0.0, Culture=neutral, PublicKeyToken=b03f5f7f11d50a3a" className="DictionaryTests.ConstantTest, Tests, Version=1.0.0.0, Culture=neutral, PublicKeyToken=null" name="RunConstantIntegerTest" />
    </UnitTest>
    <UnitTest name="LookupThrowsDictionaryNotFoundExceptionTest" storage="c:\users\ian\desktop\eecs-311 assignment 2\tests\bin\release\tests.dll" id="a81209f6-a080-7e84-0f4c-eb7bec625a2d">
      <Execution id="640327bd-61a4-4073-b7d6-323a2f9f0119" />
      <TestMethod codeBase="C:/Users/ian/Desktop/EECS-311 Assignment 2/Tests/bin/Release/Tests.DLL" adapterTypeName="Microsoft.VisualStudio.TestTools.TestTypes.Unit.UnitTestAdapter, Microsoft.VisualStudio.QualityTools.Tips.UnitTest.Adapter, Version=10.0.0.0, Culture=neutral, PublicKeyToken=b03f5f7f11d50a3a" className="DictionaryTests.ListDictionaryTest, Tests, Version=1.0.0.0, Culture=neutral, PublicKeyToken=null" name="LookupThrowsDictionaryNotFoundExceptionTest" />
    </UnitTest>
    <UnitTest name="StoreAndLookupTest" storage="c:\users\ian\desktop\eecs-311 assignment 2\tests\bin\release\tests.dll" id="6ca4448d-c8d8-cb48-08f9-2c044ff4ca63">
      <Execution id="3152e52b-ac4b-4c8d-a9f7-5eec01591e10" />
      <TestMethod codeBase="C:/Users/ian/Desktop/EECS-311 Assignment 2/Tests/bin/Release/Tests.DLL" adapterTypeName="Microsoft.VisualStudio.TestTools.TestTypes.Unit.UnitTestAdapter, Microsoft.VisualStudio.QualityTools.Tips.UnitTest.Adapter, Version=10.0.0.0, Culture=neutral, PublicKeyToken=b03f5f7f11d50a3a" className="DictionaryTests.ListDictionaryTest, Tests, Version=1.0.0.0, Culture=neutral, PublicKeyToken=null" name="StoreAndLookupTest" />
    </UnitTest>
    <UnitTest name="RunSumTest" storage="c:\users\ian\desktop\eecs-311 assignment 2\tests\bin\release\tests.dll" id="aca1b77d-c79d-e9db-ee09-039d293fc907">
      <Execution id="c1abfcfe-554c-4dff-8b20-fddcc9b6711b" />
      <TestMethod codeBase="C:/Users/ian/Desktop/EECS-311 Assignment 2/Tests/bin/Release/Tests.DLL" adapterTypeName="Microsoft.VisualStudio.TestTools.TestTypes.Unit.UnitTestAdapter, Microsoft.VisualStudio.QualityTools.Tips.UnitTest.Adapter, Version=10.0.0.0, Culture=neutral, PublicKeyToken=b03f5f7f11d50a3a" className="DictionaryTests.OperatorExpressionTest, Tests, Version=1.0.0.0, Culture=neutral, PublicKeyToken=null" name="RunSumTest" />
    </UnitTest>
    <UnitTest name="MemberRefTest" storage="c:\users\ian\desktop\eecs-311 assignment 2\tests\bin\release\tests.dll" id="628853e3-ab3b-3342-4af9-4dedc03eac6d">
      <Execution id="84fc182d-22ee-42f6-b3ed-4386d8629c64" />
      <TestMethod codeBase="C:/Users/ian/Desktop/EECS-311 Assignment 2/Tests/bin/Release/Tests.DLL" adapterTypeName="Microsoft.VisualStudio.TestTools.TestTypes.Unit.UnitTestAdapter, Microsoft.VisualStudio.QualityTools.Tips.UnitTest.Adapter, Version=10.0.0.0, Culture=neutral, PublicKeyToken=b03f5f7f11d50a3a" className="DictionaryTests.MemberAssignmentTest, Tests, Version=1.0.0.0, Culture=neutral, PublicKeyToken=null" name="MemberRefTest" />
    </UnitTest>
    <UnitTest name="RunConstantStringTest" storage="c:\users\ian\desktop\eecs-311 assignment 2\tests\bin\release\tests.dll" id="4ea150a2-db47-7394-620b-5d13012b0327">
      <Execution id="f37af1fb-4981-423e-91e0-9271aa96de0a" />
      <TestMethod codeBase="C:/Users/ian/Desktop/EECS-311 Assignment 2/Tests/bin/Release/Tests.DLL" adapterTypeName="Microsoft.VisualStudio.TestTools.TestTypes.Unit.UnitTestAdapter, Microsoft.VisualStudio.QualityTools.Tips.UnitTest.Adapter, Version=10.0.0.0, Culture=neutral, PublicKeyToken=b03f5f7f11d50a3a" className="DictionaryTests.ConstantTest, Tests, Version=1.0.0.0, Culture=neutral, PublicKeyToken=null" name="RunConstantStringTest" />
    </UnitTest>
    <UnitTest name="CorrectTypeCheckingTest" storage="c:\users\ian\desktop\eecs-311 assignment 2\tests\bin\release\tests.dll" id="7b110512-064c-cfeb-fd10-5cd4f065e161">
      <Execution id="9ee6061a-3ed6-401a-8bbf-1e3ab7d5ff74" />
      <TestMethod codeBase="C:/Users/ian/Desktop/EECS-311 Assignment 2/Tests/bin/Release/Tests.DLL" adapterTypeName="Microsoft.VisualStudio.TestTools.TestTypes.Unit.UnitTestAdapter, Microsoft.VisualStudio.QualityTools.Tips.UnitTest.Adapter, Version=10.0.0.0, Culture=neutral, PublicKeyToken=b03f5f7f11d50a3a" className="DictionaryTests.ListDictionaryTest, Tests, Version=1.0.0.0, Culture=neutral, PublicKeyToken=null" name="CorrectTypeCheckingTest" />
    </UnitTest>
    <UnitTest name="MemberAssignTest" storage="c:\users\ian\desktop\eecs-311 assignment 2\tests\bin\release\tests.dll" id="bad66bbd-4821-5dda-2a04-94a374d654d8">
      <Execution id="7a27bb53-1957-4ac5-8cc4-8fa0632c4756" />
      <TestMethod codeBase="C:/Users/ian/Desktop/EECS-311 Assignment 2/Tests/bin/Release/Tests.DLL" adapterTypeName="Microsoft.VisualStudio.TestTools.TestTypes.Unit.UnitTestAdapter, Microsoft.VisualStudio.QualityTools.Tips.UnitTest.Adapter, Version=10.0.0.0, Culture=neutral, PublicKeyToken=b03f5f7f11d50a3a" className="DictionaryTests.MemberAssignmentTest, Tests, Version=1.0.0.0, Culture=neutral, PublicKeyToken=null" name="MemberAssignTest" />
    </UnitTest>
    <UnitTest name="StoreOverwriteTest" storage="c:\users\ian\desktop\eecs-311 assignment 2\tests\bin\release\tests.dll" id="a59fed79-d632-1104-46ba-5dc36f6e6e78">
      <Execution id="9f2df012-c75c-4d1a-be1c-0d4a1f48811c" />
      <TestMethod codeBase="C:/Users/ian/Desktop/EECS-311 Assignment 2/Tests/bin/Release/Tests.DLL" adapterTypeName="Microsoft.VisualStudio.TestTools.TestTypes.Unit.UnitTestAdapter, Microsoft.VisualStudio.QualityTools.Tips.UnitTest.Adapter, Version=10.0.0.0, Culture=neutral, PublicKeyToken=b03f5f7f11d50a3a" className="DictionaryTests.ListDictionaryTest, Tests, Version=1.0.0.0, Culture=neutral, PublicKeyToken=null" name="StoreOverwriteTest" />
    </UnitTest>
    <UnitTest name="RunNegationTest" storage="c:\users\ian\desktop\eecs-311 assignment 2\tests\bin\release\tests.dll" id="8b8aa821-1750-4662-4440-5fb9f59e3453">
      <Execution id="2d9d2e5f-f034-4bbb-b9c8-f23d0cd5571e" />
      <TestMethod codeBase="C:/Users/ian/Desktop/EECS-311 Assignment 2/Tests/bin/Release/Tests.DLL" adapterTypeName="Microsoft.VisualStudio.TestTools.TestTypes.Unit.UnitTestAdapter, Microsoft.VisualStudio.QualityTools.Tips.UnitTest.Adapter, Version=10.0.0.0, Culture=neutral, PublicKeyToken=b03f5f7f11d50a3a" className="DictionaryTests.OperatorExpressionTest, Tests, Version=1.0.0.0, Culture=neutral, PublicKeyToken=null" name="RunNegationTest" />
    </UnitTest>
    <UnitTest name="VariableReassignmentTest" storage="c:\users\ian\desktop\eecs-311 assignment 2\tests\bin\release\tests.dll" id="91144527-fab2-4f44-b4f9-5c8fb62a75cc">
      <Execution id="d54e3b55-d524-4c21-949d-d093b71292d7" />
      <TestMethod codeBase="C:/Users/ian/Desktop/EECS-311 Assignment 2/Tests/bin/Release/Tests.DLL" adapterTypeName="Microsoft.VisualStudio.TestTools.TestTypes.Unit.UnitTestAdapter, Microsoft.VisualStudio.QualityTools.Tips.UnitTest.Adapter, Version=10.0.0.0, Culture=neutral, PublicKeyToken=b03f5f7f11d50a3a" className="DictionaryTests.VariableAssignmentTest, Tests, Version=1.0.0.0, Culture=neutral, PublicKeyToken=null" name="VariableReassignmentTest" />
    </UnitTest>
    <UnitTest name="MemberMethodTest0Arg" storage="c:\users\ian\desktop\eecs-311 assignment 2\tests\bin\release\tests.dll" id="fa32822c-facb-58d9-bfec-5c55bf7afc36">
      <Execution id="9a22f42b-fec1-4c8f-af93-e0efeb7ef1b8" />
      <TestMethod codeBase="C:/Users/ian/Desktop/EECS-311 Assignment 2/Tests/bin/Release/Tests.DLL" adapterTypeName="Microsoft.VisualStudio.TestTools.TestTypes.Unit.UnitTestAdapter, Microsoft.VisualStudio.QualityTools.Tips.UnitTest.Adapter, Version=10.0.0.0, Culture=neutral, PublicKeyToken=b03f5f7f11d50a3a" className="DictionaryTests.MemberAssignmentTest, Tests, Version=1.0.0.0, Culture=neutral, PublicKeyToken=null" name="MemberMethodTest0Arg" />
    </UnitTest>
    <UnitTest name="MemberMethodTest2Args" storage="c:\users\ian\desktop\eecs-311 assignment 2\tests\bin\release\tests.dll" id="e33f2b20-ccc1-059e-ec52-d50703948c5f">
      <Execution id="6cb26c78-d410-45af-a86b-c0929d541579" />
      <TestMethod codeBase="C:/Users/ian/Desktop/EECS-311 Assignment 2/Tests/bin/Release/Tests.DLL" adapterTypeName="Microsoft.VisualStudio.TestTools.TestTypes.Unit.UnitTestAdapter, Microsoft.VisualStudio.QualityTools.Tips.UnitTest.Adapter, Version=10.0.0.0, Culture=neutral, PublicKeyToken=b03f5f7f11d50a3a" className="DictionaryTests.MemberAssignmentTest, Tests, Version=1.0.0.0, Culture=neutral, PublicKeyToken=null" name="MemberMethodTest2Args" />
    </UnitTest>
    <UnitTest name="RunProductTest" storage="c:\users\ian\desktop\eecs-311 assignment 2\tests\bin\release\tests.dll" id="1da900d2-8ad5-dec6-3f92-43659a67403f">
      <Execution id="5c08d903-5251-45dc-819e-54f4297010b4" />
      <TestMethod codeBase="C:/Users/ian/Desktop/EECS-311 Assignment 2/Tests/bin/Release/Tests.DLL" adapterTypeName="Microsoft.VisualStudio.TestTools.TestTypes.Unit.UnitTestAdapter, Microsoft.VisualStudio.QualityTools.Tips.UnitTest.Adapter, Version=10.0.0.0, Culture=neutral, PublicKeyToken=b03f5f7f11d50a3a" className="DictionaryTests.OperatorExpressionTest, Tests, Version=1.0.0.0, Culture=neutral, PublicKeyToken=null" name="RunProductTest" />
    </UnitTest>
  </TestDefinitions>
  <TestLists>
    <TestList name="Results Not in a List" id="8c84fa94-04c1-424b-9868-57a2d4851a1d" />
    <TestList name="All Loaded Results" id="19431567-8539-422a-85d7-44ee4e166bda" />
  </TestLists>
  <TestEntries>
    <TestEntry testId="1da900d2-8ad5-dec6-3f92-43659a67403f" executionId="5c08d903-5251-45dc-819e-54f4297010b4" testListId="8c84fa94-04c1-424b-9868-57a2d4851a1d" />
    <TestEntry testId="2ac26f14-7b0e-8a7b-7d99-8a6bf6539468" executionId="80293732-45af-4c81-8807-9a84eed1d042" testListId="8c84fa94-04c1-424b-9868-57a2d4851a1d" />
    <TestEntry testId="430e6d44-5c9c-f0f3-69bf-25fc12219deb" executionId="078d7fca-bb56-4f92-86a4-982ea913b48d" testListId="8c84fa94-04c1-424b-9868-57a2d4851a1d" />
    <TestEntry testId="4ea150a2-db47-7394-620b-5d13012b0327" executionId="f37af1fb-4981-423e-91e0-9271aa96de0a" testListId="8c84fa94-04c1-424b-9868-57a2d4851a1d" />
    <TestEntry testId="570d2617-c093-c0d9-5da1-5e705ca1262d" executionId="5f26392a-d38b-4059-9abd-71e27cab681d" testListId="8c84fa94-04c1-424b-9868-57a2d4851a1d" />
    <TestEntry testId="628853e3-ab3b-3342-4af9-4dedc03eac6d" executionId="84fc182d-22ee-42f6-b3ed-4386d8629c64" testListId="8c84fa94-04c1-424b-9868-57a2d4851a1d" />
    <TestEntry testId="6ca4448d-c8d8-cb48-08f9-2c044ff4ca63" executionId="3152e52b-ac4b-4c8d-a9f7-5eec01591e10" testListId="8c84fa94-04c1-424b-9868-57a2d4851a1d" />
    <TestEntry testId="7b110512-064c-cfeb-fd10-5cd4f065e161" executionId="9ee6061a-3ed6-401a-8bbf-1e3ab7d5ff74" testListId="8c84fa94-04c1-424b-9868-57a2d4851a1d" />
    <TestEntry testId="8b8aa821-1750-4662-4440-5fb9f59e3453" executionId="2d9d2e5f-f034-4bbb-b9c8-f23d0cd5571e" testListId="8c84fa94-04c1-424b-9868-57a2d4851a1d" />
    <TestEntry testId="90c0feba-8300-4d5d-9569-c2383b974ca7" executionId="fce1f902-d96b-4d8f-a9ca-8bd8eea91841" testListId="8c84fa94-04c1-424b-9868-57a2d4851a1d" />
    <TestEntry testId="91144527-fab2-4f44-b4f9-5c8fb62a75cc" executionId="d54e3b55-d524-4c21-949d-d093b71292d7" testListId="8c84fa94-04c1-424b-9868-57a2d4851a1d" />
    <TestEntry testId="a59fed79-d632-1104-46ba-5dc36f6e6e78" executionId="9f2df012-c75c-4d1a-be1c-0d4a1f48811c" testListId="8c84fa94-04c1-424b-9868-57a2d4851a1d" />
    <TestEntry testId="a81209f6-a080-7e84-0f4c-eb7bec625a2d" executionId="640327bd-61a4-4073-b7d6-323a2f9f0119" testListId="8c84fa94-04c1-424b-9868-57a2d4851a1d" />
    <TestEntry testId="aca1b77d-c79d-e9db-ee09-039d293fc907" executionId="c1abfcfe-554c-4dff-8b20-fddcc9b6711b" testListId="8c84fa94-04c1-424b-9868-57a2d4851a1d" />
    <TestEntry testId="bad66bbd-4821-5dda-2a04-94a374d654d8" executionId="7a27bb53-1957-4ac5-8cc4-8fa0632c4756" testListId="8c84fa94-04c1-424b-9868-57a2d4851a1d" />
    <TestEntry testId="c0df9bb7-afa1-94fd-32c4-7ccca67ca1d6" executionId="710249bd-636a-41b0-a4b5-bede72285471" testListId="8c84fa94-04c1-424b-9868-57a2d4851a1d" />
    <TestEntry testId="d354d05d-5a14-6853-83aa-d07785f73845" executionId="ce6d0a5b-a3cf-457b-9761-bf1a666b8db9" testListId="8c84fa94-04c1-424b-9868-57a2d4851a1d" />
    <TestEntry testId="e33f2b20-ccc1-059e-ec52-d50703948c5f" executionId="6cb26c78-d410-45af-a86b-c0929d541579" testListId="8c84fa94-04c1-424b-9868-57a2d4851a1d" />
    <TestEntry testId="f5a341c8-0f31-edff-6652-5dd107e4450c" executionId="bc3046e4-3425-4fb4-83e1-4544bb739549" testListId="8c84fa94-04c1-424b-9868-57a2d4851a1d" />
    <TestEntry testId="fa32822c-facb-58d9-bfec-5c55bf7afc36" executionId="9a22f42b-fec1-4c8f-af93-e0efeb7ef1b8" testListId="8c84fa94-04c1-424b-9868-57a2d4851a1d" />
  </TestEntries>
  <Results>
    <UnitTestResult executionId="5c08d903-5251-45dc-819e-54f4297010b4" testId="1da900d2-8ad5-dec6-3f92-43659a67403f" testName="RunProductTest" computerName="TOTORO" duration="00:00:00.0318385" startTime="2011-04-24T18:29:00.6413424-05:00" endTime="2011-04-24T18:29:00.9843621-05:00" testType="13cdc9d9-ddb5-4fa4-a97d-d965ccfc6d4b" outcome="Failed" testListId="8c84fa94-04c1-424b-9868-57a2d4851a1d" relativeResultsDirectory="5c08d903-5251-45dc-819e-54f4297010b4">
      <Output>
        <ErrorInfo>
          <Message>Test method DictionaryTests.OperatorExpressionTest.RunProductTest threw exception: 
System.NotImplementedException: The method or operation is not implemented.</Message>
          <StackTrace>    at DictionaryTests.OperatorExpressionTest.RunProductTest() in C:\Users\ian\Desktop\EECS-311 Assignment 2\Tests\OperatorExpressionTest.cs:line 83
</StackTrace>
        </ErrorInfo>
      </Output>
    </UnitTestResult>
    <UnitTestResult executionId="80293732-45af-4c81-8807-9a84eed1d042" testId="2ac26f14-7b0e-8a7b-7d99-8a6bf6539468" testName="OverwriteUsingAddTest" computerName="TOTORO" duration="00:00:00.0019732" startTime="2011-04-24T18:29:00.9943626-05:00" endTime="2011-04-24T18:29:01.0023631-05:00" testType="13cdc9d9-ddb5-4fa4-a97d-d965ccfc6d4b" outcome="Failed" testListId="8c84fa94-04c1-424b-9868-57a2d4851a1d" relativeResultsDirectory="80293732-45af-4c81-8807-9a84eed1d042">
      <Output>
        <ErrorInfo>
          <Message>Test method DictionaryTests.ListDictionaryTest.OverwriteUsingAddTest threw exception: 
System.NotImplementedException: The method or operation is not implemented.</Message>
          <StackTrace>    at DictionaryTests.ListDictionaryTest.OverwriteUsingAddTest() in C:\Users\ian\Desktop\EECS-311 Assignment 2\Tests\ListDictionaryTest.cs:line 126
</StackTrace>
        </ErrorInfo>
      </Output>
    </UnitTestResult>
    <UnitTestResult executionId="078d7fca-bb56-4f92-86a4-982ea913b48d" testId="430e6d44-5c9c-f0f3-69bf-25fc12219deb" testName="IndirectAssignmentTest" computerName="TOTORO" duration="00:00:00.0024986" startTime="2011-04-24T18:29:01.0043632-05:00" endTime="2011-04-24T18:29:01.0313647-05:00" testType="13cdc9d9-ddb5-4fa4-a97d-d965ccfc6d4b" outcome="Failed" testListId="8c84fa94-04c1-424b-9868-57a2d4851a1d" relativeResultsDirectory="078d7fca-bb56-4f92-86a4-982ea913b48d">
      <Output>
        <ErrorInfo>
          <Message>Test method DictionaryTests.VariableAssignmentTest.IndirectAssignmentTest threw exception: 
System.NotImplementedException: The method or operation is not implemented.</Message>
          <StackTrace>    at DictionaryTests.VariableAssignmentTest.IndirectAssignmentTest() in C:\Users\ian\Desktop\EECS-311 Assignment 2\Tests\VariableAssignmentTest.cs:line 108
</StackTrace>
        </ErrorInfo>
      </Output>
    </UnitTestResult>
    <UnitTestResult executionId="f37af1fb-4981-423e-91e0-9271aa96de0a" testId="4ea150a2-db47-7394-620b-5d13012b0327" testName="RunConstantStringTest" computerName="TOTORO" duration="00:00:00.0018631" startTime="2011-04-24T18:29:01.0373651-05:00" endTime="2011-04-24T18:29:01.0433654-05:00" testType="13cdc9d9-ddb5-4fa4-a97d-d965ccfc6d4b" outcome="Failed" testListId="8c84fa94-04c1-424b-9868-57a2d4851a1d" relativeResultsDirectory="f37af1fb-4981-423e-91e0-9271aa96de0a">
      <Output>
        <ErrorInfo>
          <Message>Test method DictionaryTests.ConstantTest.RunConstantStringTest threw exception: 
System.NotImplementedException: The method or operation is not implemented.</Message>
          <StackTrace>    at DictionaryTests.ConstantTest.RunConstantStringTest() in C:\Users\ian\Desktop\EECS-311 Assignment 2\Tests\ConstantTest.cs:line 85
</StackTrace>
        </ErrorInfo>
      </Output>
    </UnitTestResult>
    <UnitTestResult executionId="5f26392a-d38b-4059-9abd-71e27cab681d" testId="570d2617-c093-c0d9-5da1-5e705ca1262d" testName="RunConstantIntegerTest" computerName="TOTORO" duration="00:00:00.0013319" startTime="2011-04-24T18:29:01.0473657-05:00" endTime="2011-04-24T18:29:01.0563662-05:00" testType="13cdc9d9-ddb5-4fa4-a97d-d965ccfc6d4b" outcome="Failed" testListId="8c84fa94-04c1-424b-9868-57a2d4851a1d" relativeResultsDirectory="5f26392a-d38b-4059-9abd-71e27cab681d">
      <Output>
        <ErrorInfo>
          <Message>Test method DictionaryTests.ConstantTest.RunConstantIntegerTest threw exception: 
System.NotImplementedException: The method or operation is not implemented.</Message>
          <StackTrace>    at DictionaryTests.ConstantTest.RunConstantIntegerTest() in C:\Users\ian\Desktop\EECS-311 Assignment 2\Tests\ConstantTest.cs:line 71
</StackTrace>
        </ErrorInfo>
      </Output>
    </UnitTestResult>
    <UnitTestResult executionId="84fc182d-22ee-42f6-b3ed-4386d8629c64" testId="628853e3-ab3b-3342-4af9-4dedc03eac6d" testName="MemberRefTest" computerName="TOTORO" duration="00:00:00.0015328" startTime="2011-04-24T18:29:01.0623665-05:00" endTime="2011-04-24T18:29:01.0683669-05:00" testType="13cdc9d9-ddb5-4fa4-a97d-d965ccfc6d4b" outcome="Failed" testListId="8c84fa94-04c1-424b-9868-57a2d4851a1d" relativeResultsDirectory="84fc182d-22ee-42f6-b3ed-4386d8629c64">
      <Output>
        <ErrorInfo>
          <Message>Test method DictionaryTests.MemberAssignmentTest.MemberRefTest threw exception: 
System.NotImplementedException: The method or operation is not implemented.</Message>
          <StackTrace>    at DictionaryTests.MemberAssignmentTest.MemberRefTest() in C:\Users\ian\Desktop\EECS-311 Assignment 2\Tests\MemberAssignmentTest.cs:line 71
</StackTrace>
        </ErrorInfo>
      </Output>
    </UnitTestResult>
    <UnitTestResult executionId="3152e52b-ac4b-4c8d-a9f7-5eec01591e10" testId="6ca4448d-c8d8-cb48-08f9-2c044ff4ca63" testName="StoreAndLookupTest" computerName="TOTORO" duration="00:00:00.0015128" startTime="2011-04-24T18:29:01.0733671-05:00" endTime="2011-04-24T18:29:01.0793675-05:00" testType="13cdc9d9-ddb5-4fa4-a97d-d965ccfc6d4b" outcome="Failed" testListId="8c84fa94-04c1-424b-9868-57a2d4851a1d" relativeResultsDirectory="3152e52b-ac4b-4c8d-a9f7-5eec01591e10">
      <Output>
        <ErrorInfo>
          <Message>Test method DictionaryTests.ListDictionaryTest.StoreAndLookupTest threw exception: 
System.NotImplementedException: The method or operation is not implemented.</Message>
          <StackTrace>    at DictionaryTests.ListDictionaryTest.StoreAndLookupTest() in C:\Users\ian\Desktop\EECS-311 Assignment 2\Tests\ListDictionaryTest.cs:line 110
</StackTrace>
        </ErrorInfo>
      </Output>
    </UnitTestResult>
    <UnitTestResult executionId="9ee6061a-3ed6-401a-8bbf-1e3ab7d5ff74" testId="7b110512-064c-cfeb-fd10-5cd4f065e161" testName="CorrectTypeCheckingTest" computerName="TOTORO" duration="00:00:00.0012965" startTime="2011-04-24T18:29:01.0843678-05:00" endTime="2011-04-24T18:29:01.0903681-05:00" testType="13cdc9d9-ddb5-4fa4-a97d-d965ccfc6d4b" outcome="Failed" testListId="8c84fa94-04c1-424b-9868-57a2d4851a1d" relativeResultsDirectory="9ee6061a-3ed6-401a-8bbf-1e3ab7d5ff74">
      <Output>
        <ErrorInfo>
          <Message>Test method DictionaryTests.ListDictionaryTest.CorrectTypeCheckingTest threw exception: 
System.NotImplementedException: The method or operation is not implemented.</Message>
          <StackTrace>    at DictionaryTests.ListDictionaryTest.CorrectTypeCheckingTest() in C:\Users\ian\Desktop\EECS-311 Assignment 2\Tests\ListDictionaryTest.cs:line 139
</StackTrace>
        </ErrorInfo>
      </Output>
    </UnitTestResult>
    <UnitTestResult executionId="2d9d2e5f-f034-4bbb-b9c8-f23d0cd5571e" testId="8b8aa821-1750-4662-4440-5fb9f59e3453" testName="RunNegationTest" computerName="TOTORO" duration="00:00:00.0013080" startTime="2011-04-24T18:29:01.0963685-05:00" endTime="2011-04-24T18:29:01.1013687-05:00" testType="13cdc9d9-ddb5-4fa4-a97d-d965ccfc6d4b" outcome="Failed" testListId="8c84fa94-04c1-424b-9868-57a2d4851a1d" relativeResultsDirectory="2d9d2e5f-f034-4bbb-b9c8-f23d0cd5571e">
      <Output>
        <ErrorInfo>
          <Message>Test method DictionaryTests.OperatorExpressionTest.RunNegationTest threw exception: 
System.NotImplementedException: The method or operation is not implemented.</Message>
          <StackTrace>    at DictionaryTests.OperatorExpressionTest.RunNegationTest() in C:\Users\ian\Desktop\EECS-311 Assignment 2\Tests\OperatorExpressionTest.cs:line 95
</StackTrace>
        </ErrorInfo>
      </Output>
    </UnitTestResult>
    <UnitTestResult executionId="fce1f902-d96b-4d8f-a9ca-8bd8eea91841" testId="90c0feba-8300-4d5d-9569-c2383b974ca7" testName="MemberMethodTest1Arg" computerName="TOTORO" duration="00:00:00.0013488" startTime="2011-04-24T18:29:01.1073691-05:00" endTime="2011-04-24T18:29:01.1123694-05:00" testType="13cdc9d9-ddb5-4fa4-a97d-d965ccfc6d4b" outcome="Failed" testListId="8c84fa94-04c1-424b-9868-57a2d4851a1d" relativeResultsDirectory="fce1f902-d96b-4d8f-a9ca-8bd8eea91841">
      <Output>
        <ErrorInfo>
          <Message>Test method DictionaryTests.MemberAssignmentTest.MemberMethodTest1Arg threw exception: 
System.NotImplementedException: The method or operation is not implemented.</Message>
          <StackTrace>    at DictionaryTests.MemberAssignmentTest.MemberMethodTest1Arg() in C:\Users\ian\Desktop\EECS-311 Assignment 2\Tests\MemberAssignmentTest.cs:line 105
</StackTrace>
        </ErrorInfo>
      </Output>
    </UnitTestResult>
    <UnitTestResult executionId="d54e3b55-d524-4c21-949d-d093b71292d7" testId="91144527-fab2-4f44-b4f9-5c8fb62a75cc" testName="VariableReassignmentTest" computerName="TOTORO" duration="00:00:00.0055948" startTime="2011-04-24T18:29:01.1183697-05:00" endTime="2011-04-24T18:29:01.1283703-05:00" testType="13cdc9d9-ddb5-4fa4-a97d-d965ccfc6d4b" outcome="Failed" testListId="8c84fa94-04c1-424b-9868-57a2d4851a1d" relativeResultsDirectory="d54e3b55-d524-4c21-949d-d093b71292d7">
      <Output>
        <ErrorInfo>
          <Message>Test method DictionaryTests.VariableAssignmentTest.VariableReassignmentTest threw exception: 
System.NotImplementedException: The method or operation is not implemented.</Message>
          <StackTrace>    at DictionaryTests.VariableAssignmentTest.VariableReassignmentTest() in C:\Users\ian\Desktop\EECS-311 Assignment 2\Tests\VariableAssignmentTest.cs:line 88
</StackTrace>
        </ErrorInfo>
      </Output>
    </UnitTestResult>
    <UnitTestResult executionId="9f2df012-c75c-4d1a-be1c-0d4a1f48811c" testId="a59fed79-d632-1104-46ba-5dc36f6e6e78" testName="StoreOverwriteTest" computerName="TOTORO" duration="00:00:00.0014397" startTime="2011-04-24T18:29:01.1333706-05:00" endTime="2011-04-24T18:29:01.1413710-05:00" testType="13cdc9d9-ddb5-4fa4-a97d-d965ccfc6d4b" outcome="Failed" testListId="8c84fa94-04c1-424b-9868-57a2d4851a1d" relativeResultsDirectory="9f2df012-c75c-4d1a-be1c-0d4a1f48811c">
      <Output>
        <ErrorInfo>
          <Message>Test method DictionaryTests.ListDictionaryTest.StoreOverwriteTest threw exception: 
System.NotImplementedException: The method or operation is not implemented.</Message>
          <StackTrace>    at DictionaryTests.ListDictionaryTest.StoreOverwriteTest() in C:\Users\ian\Desktop\EECS-311 Assignment 2\Tests\ListDictionaryTest.cs:line 82
</StackTrace>
        </ErrorInfo>
      </Output>
    </UnitTestResult>
    <UnitTestResult executionId="640327bd-61a4-4073-b7d6-323a2f9f0119" testId="a81209f6-a080-7e84-0f4c-eb7bec625a2d" testName="LookupThrowsDictionaryNotFoundExceptionTest" computerName="TOTORO" duration="00:00:00.0036673" startTime="2011-04-24T18:29:01.1513716-05:00" endTime="2011-04-24T18:29:01.1673725-05:00" testType="13cdc9d9-ddb5-4fa4-a97d-d965ccfc6d4b" outcome="Failed" testListId="8c84fa94-04c1-424b-9868-57a2d4851a1d" relativeResultsDirectory="640327bd-61a4-4073-b7d6-323a2f9f0119">
      <Output>
        <ErrorInfo>
          <Message>Test method DictionaryTests.ListDictionaryTest.LookupThrowsDictionaryNotFoundExceptionTest threw exception System.NotImplementedException, but exception HappyFunBlob.DictionaryKeyNotFoundException was expected. Exception message: System.NotImplementedException: The method or operation is not implemented.</Message>
          <StackTrace>    at DictionaryTests.ListDictionaryTest.LookupThrowsDictionaryNotFoundExceptionTest() in C:\Users\ian\Desktop\EECS-311 Assignment 2\Tests\ListDictionaryTest.cs:line 98
</StackTrace>
        </ErrorInfo>
      </Output>
    </UnitTestResult>
    <UnitTestResult executionId="c1abfcfe-554c-4dff-8b20-fddcc9b6711b" testId="aca1b77d-c79d-e9db-ee09-039d293fc907" testName="RunSumTest" computerName="TOTORO" duration="00:00:00.0020082" startTime="2011-04-24T18:29:01.1883737-05:00" endTime="2011-04-24T18:29:01.2123751-05:00" testType="13cdc9d9-ddb5-4fa4-a97d-d965ccfc6d4b" outcome="Failed" testListId="8c84fa94-04c1-424b-9868-57a2d4851a1d" relativeResultsDirectory="c1abfcfe-554c-4dff-8b20-fddcc9b6711b">
      <Output>
        <ErrorInfo>
          <Message>Test method DictionaryTests.OperatorExpressionTest.RunSumTest threw exception: 
System.NotImplementedException: The method or operation is not implemented.</Message>
          <StackTrace>    at DictionaryTests.OperatorExpressionTest.RunSumTest() in C:\Users\ian\Desktop\EECS-311 Assignment 2\Tests\OperatorExpressionTest.cs:line 71
</StackTrace>
        </ErrorInfo>
      </Output>
    </UnitTestResult>
    <UnitTestResult executionId="7a27bb53-1957-4ac5-8cc4-8fa0632c4756" testId="bad66bbd-4821-5dda-2a04-94a374d654d8" testName="MemberAssignTest" computerName="TOTORO" duration="00:00:00.0021275" startTime="2011-04-24T18:29:01.2223757-05:00" endTime="2011-04-24T18:29:01.2283760-05:00" testType="13cdc9d9-ddb5-4fa4-a97d-d965ccfc6d4b" outcome="Failed" testListId="8c84fa94-04c1-424b-9868-57a2d4851a1d" relativeResultsDirectory="7a27bb53-1957-4ac5-8cc4-8fa0632c4756">
      <Output>
        <ErrorInfo>
          <Message>Test method DictionaryTests.MemberAssignmentTest.MemberAssignTest threw exception: 
System.NotImplementedException: The method or operation is not implemented.</Message>
          <StackTrace>    at DictionaryTests.MemberAssignmentTest.MemberAssignTest() in C:\Users\ian\Desktop\EECS-311 Assignment 2\Tests\MemberAssignmentTest.cs:line 89
</StackTrace>
        </ErrorInfo>
      </Output>
    </UnitTestResult>
    <UnitTestResult executionId="710249bd-636a-41b0-a4b5-bede72285471" testId="c0df9bb7-afa1-94fd-32c4-7ccca67ca1d6" testName="VariableAssignTest" computerName="TOTORO" duration="00:00:00.0053330" startTime="2011-04-24T18:29:01.2383766-05:00" endTime="2011-04-24T18:29:01.2473771-05:00" testType="13cdc9d9-ddb5-4fa4-a97d-d965ccfc6d4b" outcome="Failed" testListId="8c84fa94-04c1-424b-9868-57a2d4851a1d" relativeResultsDirectory="710249bd-636a-41b0-a4b5-bede72285471">
      <Output>
        <ErrorInfo>
          <Message>Test method DictionaryTests.VariableAssignmentTest.VariableAssignTest threw exception: 
System.NotImplementedException: The method or operation is not implemented.</Message>
          <StackTrace>    at DictionaryTests.VariableAssignmentTest.VariableAssignTest() in C:\Users\ian\Desktop\EECS-311 Assignment 2\Tests\VariableAssignmentTest.cs:line 71
</StackTrace>
        </ErrorInfo>
      </Output>
    </UnitTestResult>
    <UnitTestResult executionId="ce6d0a5b-a3cf-457b-9761-bf1a666b8db9" testId="d354d05d-5a14-6853-83aa-d07785f73845" testName="ListDictionaryConstructorTest" computerName="TOTORO" duration="00:00:00.0013118" startTime="2011-04-24T18:29:01.2573777-05:00" endTime="2011-04-24T18:29:01.2793789-05:00" testType="13cdc9d9-ddb5-4fa4-a97d-d965ccfc6d4b" outcome="Failed" testListId="8c84fa94-04c1-424b-9868-57a2d4851a1d" relativeResultsDirectory="ce6d0a5b-a3cf-457b-9761-bf1a666b8db9">
      <Output>
        <ErrorInfo>
          <Message>Test method DictionaryTests.ListDictionaryTest.ListDictionaryConstructorTest threw exception: 
System.NotImplementedException: The method or operation is not implemented.</Message>
          <StackTrace>    at DictionaryTests.ListDictionaryTest.ListDictionaryConstructorTest() in C:\Users\ian\Desktop\EECS-311 Assignment 2\Tests\ListDictionaryTest.cs:line 72
</StackTrace>
        </ErrorInfo>
      </Output>
    </UnitTestResult>
    <UnitTestResult executionId="6cb26c78-d410-45af-a86b-c0929d541579" testId="e33f2b20-ccc1-059e-ec52-d50703948c5f" testName="MemberMethodTest2Args" computerName="TOTORO" duration="00:00:00.0020167" startTime="2011-04-24T18:29:01.2953798-05:00" endTime="2011-04-24T18:29:01.3113808-05:00" testType="13cdc9d9-ddb5-4fa4-a97d-d965ccfc6d4b" outcome="Failed" testListId="8c84fa94-04c1-424b-9868-57a2d4851a1d" relativeResultsDirectory="6cb26c78-d410-45af-a86b-c0929d541579">
      <Output>
        <ErrorInfo>
          <Message>Test method DictionaryTests.MemberAssignmentTest.MemberMethodTest2Args threw exception: 
System.NotImplementedException: The method or operation is not implemented.</Message>
          <StackTrace>    at DictionaryTests.MemberAssignmentTest.MemberMethodTest2Args() in C:\Users\ian\Desktop\EECS-311 Assignment 2\Tests\MemberAssignmentTest.cs:line 131
</StackTrace>
        </ErrorInfo>
      </Output>
    </UnitTestResult>
    <UnitTestResult executionId="bc3046e4-3425-4fb4-83e1-4544bb739549" testId="f5a341c8-0f31-edff-6652-5dd107e4450c" testName="RunTest" computerName="TOTORO" duration="00:00:00.0049215" startTime="2011-04-24T18:29:01.3213813-05:00" endTime="2011-04-24T18:29:01.3303818-05:00" testType="13cdc9d9-ddb5-4fa4-a97d-d965ccfc6d4b" outcome="Failed" testListId="8c84fa94-04c1-424b-9868-57a2d4851a1d" relativeResultsDirectory="bc3046e4-3425-4fb4-83e1-4544bb739549">
      <Output>
        <ErrorInfo>
          <Message>Test method DictionaryTests.VariableReferenceTest.RunTest threw exception: 
System.NotImplementedException: The method or operation is not implemented.</Message>
          <StackTrace>    at DictionaryTests.VariableReferenceTest.RunTest() in C:\Users\ian\Desktop\EECS-311 Assignment 2\Tests\VariableReferenceTest.cs:line 71
</StackTrace>
        </ErrorInfo>
      </Output>
    </UnitTestResult>
    <UnitTestResult executionId="9a22f42b-fec1-4c8f-af93-e0efeb7ef1b8" testId="fa32822c-facb-58d9-bfec-5c55bf7afc36" testName="MemberMethodTest0Arg" computerName="TOTORO" duration="00:00:00.0019759" startTime="2011-04-24T18:29:01.3403824-05:00" endTime="2011-04-24T18:29:01.3563833-05:00" testType="13cdc9d9-ddb5-4fa4-a97d-d965ccfc6d4b" outcome="Failed" testListId="8c84fa94-04c1-424b-9868-57a2d4851a1d" relativeResultsDirectory="9a22f42b-fec1-4c8f-af93-e0efeb7ef1b8">
      <Output>
        <ErrorInfo>
          <Message>Test method DictionaryTests.MemberAssignmentTest.MemberMethodTest0Arg threw exception: 
System.NotImplementedException: The method or operation is not implemented.</Message>
          <StackTrace>    at DictionaryTests.MemberAssignmentTest.MemberMethodTest0Arg() in C:\Users\ian\Desktop\EECS-311 Assignment 2\Tests\MemberAssignmentTest.cs:line 118
</StackTrace>
        </ErrorInfo>
      </Output>
    </UnitTestResult>
  </Results>
</TestRun>