<?xml version="1.0" encoding="UTF-8"?>
<TestRun id="4c4cc93b-0144-485c-aadf-c19beb570e2d" name="ian@TOTORO 2011-04-24 18:28:28" runUser="Totoro\ian" xmlns="http://microsoft.com/schemas/VisualStudio/TeamTest/2010">
  <TestSettings name="Local" id="4086bb99-4879-4a3b-8a59-bbea98ebebc6">
    <Description>These are default test settings for a local test run.</Description>
    <Deployment enabled="false" runDeploymentRoot="ian_TOTORO 2011-04-24 18_28_28">
      <DeploymentItem filename="C:\Users\ian\Desktop\EECS-311 Assignment 2\HappyFunBlob\bin\x86\Release\HappyFunBlob.exe" />
    </Deployment>
    <Execution>
      <TestTypeSpecific />
      <AgentRule name="Execution Agents">
      </AgentRule>
    </Execution>
  </TestSettings>
  <Times creation="2011-04-24T18:28:28.5015041-05:00" queuing="2011-04-24T18:28:29.0215339-05:00" start="2011-04-24T18:28:29.2325460-05:00" finish="2011-04-24T18:28:30.5686224-05:00" />
  <ResultSummary outcome="Failed">
    <Counters total="20" executed="20" error="0" failed="20" timeout="0" aborted="0" inconclusive="0" passedButRunAborted="0" notRunnable="0" notExecuted="0" disconnected="0" warning="0" passed="0" completed="0" inProgress="0" pending="0" />
  </ResultSummary>
  <TestDefinitions>
    <UnitTest name="IndirectAssignmentTest" storage="c:\users\ian\desktop\eecs-311 assignment 2\tests\bin\release\tests.dll" id="430e6d44-5c9c-f0f3-69bf-25fc12219deb">
      <Execution id="276a4671-278c-4947-a01d-d9ddb387bccd" />
      <TestMethod codeBase="C:/Users/ian/Desktop/EECS-311 Assignment 2/Tests/bin/Release/Tests.DLL" adapterTypeName="Microsoft.VisualStudio.TestTools.TestTypes.Unit.UnitTestAdapter, Microsoft.VisualStudio.QualityTools.Tips.UnitTest.Adapter, Version=10.0.0.0, Culture=neutral, PublicKeyToken=b03f5f7f11d50a3a" className="DictionaryTests.VariableAssignmentTest, Tests, Version=1.0.0.0, Culture=neutral, PublicKeyToken=null" name="IndirectAssignmentTest" />
    </UnitTest>
    <UnitTest name="OverwriteUsingAddTest" storage="c:\users\ian\desktop\eecs-311 assignment 2\tests\bin\release\tests.dll" id="2ac26f14-7b0e-8a7b-7d99-8a6bf6539468">
      <Execution id="37725141-eea0-4afe-91cf-9cc102af889f" />
      <TestMethod codeBase="C:/Users/ian/Desktop/EECS-311 Assignment 2/Tests/bin/Release/Tests.DLL" adapterTypeName="Microsoft.VisualStudio.TestTools.TestTypes.Unit.UnitTestAdapter, Microsoft.VisualStudio.QualityTools.Tips.UnitTest.Adapter, Version=10.0.0.0, Culture=neutral, PublicKeyToken=b03f5f7f11d50a3a" className="DictionaryTests.ListDictionaryTest, Tests, Version=1.0.0.0, Culture=neutral, PublicKeyToken=null" name="OverwriteUsingAddTest" />
    </UnitTest>
    <UnitTest name="MemberMethodTest1Arg" storage="c:\users\ian\desktop\eecs-311 assignment 2\tests\bin\release\tests.dll" id="90c0feba-8300-4d5d-9569-c2383b974ca7">
      <Execution id="bf6f8d9f-e3ac-41d9-96ea-1aa163ab3544" />
      <TestMethod codeBase="C:/Users/ian/Desktop/EECS-311 Assignment 2/Tests/bin/Release/Tests.DLL" adapterTypeName="Microsoft.VisualStudio.TestTools.TestTypes.Unit.UnitTestAdapter, Microsoft.VisualStudio.QualityTools.Tips.UnitTest.Adapter, Version=10.0.0.0, Culture=neutral, PublicKeyToken=b03f5f7f11d50a3a" className="DictionaryTests.MemberAssignmentTest, Tests, Version=1.0.0.0, Culture=neutral, PublicKeyToken=null" name="MemberMethodTest1Arg" />
    </UnitTest>
    <UnitTest name="VariableAssignTest" storage="c:\users\ian\desktop\eecs-311 assignment 2\tests\bin\release\tests.dll" id="c0df9bb7-afa1-94fd-32c4-7ccca67ca1d6">
      <Execution id="ddbf2a9c-e7aa-4354-8b68-676ef69745f3" />
      <TestMethod codeBase="C:/Users/ian/Desktop/EECS-311 Assignment 2/Tests/bin/Release/Tests.DLL" adapterTypeName="Microsoft.VisualStudio.TestTools.TestTypes.Unit.UnitTestAdapter, Microsoft.VisualStudio.QualityTools.Tips.UnitTest.Adapter, Version=10.0.0.0, Culture=neutral, PublicKeyToken=b03f5f7f11d50a3a" className="DictionaryTests.VariableAssignmentTest, Tests, Version=1.0.0.0, Culture=neutral, PublicKeyToken=null" name="VariableAssignTest" />
    </UnitTest>
    <UnitTest name="ListDictionaryConstructorTest" storage="c:\users\ian\desktop\eecs-311 assignment 2\tests\bin\release\tests.dll" id="d354d05d-5a14-6853-83aa-d07785f73845">
      <Execution id="e51a82e4-cd96-453f-a4ef-e714603a9a50" />
      <TestMethod codeBase="C:/Users/ian/Desktop/EECS-311 Assignment 2/Tests/bin/Release/Tests.DLL" adapterTypeName="Microsoft.VisualStudio.TestTools.TestTypes.Unit.UnitTestAdapter, Microsoft.VisualStudio.QualityTools.Tips.UnitTest.Adapter, Version=10.0.0.0, Culture=neutral, PublicKeyToken=b03f5f7f11d50a3a" className="DictionaryTests.ListDictionaryTest, Tests, Version=1.0.0.0, Culture=neutral, PublicKeyToken=null" name="ListDictionaryConstructorTest" />
    </UnitTest>
    <UnitTest name="RunTest" storage="c:\users\ian\desktop\eecs-311 assignment 2\tests\bin\release\tests.dll" id="f5a341c8-0f31-edff-6652-5dd107e4450c">
      <Execution id="c98a112c-e943-4ad9-92c8-22d947cde125" />
      <TestMethod codeBase="C:/Users/ian/Desktop/EECS-311 Assignment 2/Tests/bin/Release/Tests.DLL" adapterTypeName="Microsoft.VisualStudio.TestTools.TestTypes.Unit.UnitTestAdapter, Microsoft.VisualStudio.QualityTools.Tips.UnitTest.Adapter, Version=10.0.0.0, Culture=neutral, PublicKeyToken=b03f5f7f11d50a3a" className="DictionaryTests.VariableReferenceTest, Tests, Version=1.0.0.0, Culture=neutral, PublicKeyToken=null" name="RunTest" />
    </UnitTest>
    <UnitTest name="RunConstantIntegerTest" storage="c:\users\ian\desktop\eecs-311 assignment 2\tests\bin\release\tests.dll" id="570d2617-c093-c0d9-5da1-5e705ca1262d">
      <Execution id="bb644211-a99c-49ce-a96e-7d600938782e" />
      <TestMethod codeBase="C:/Users/ian/Desktop/EECS-311 Assignment 2/Tests/bin/Release/Tests.DLL" adapterTypeName="Microsoft.VisualStudio.TestTools.TestTypes.Unit.UnitTestAdapter, Microsoft.VisualStudio.QualityTools.Tips.UnitTest.Adapter, Version=10.0.0.0, Culture=neutral, PublicKeyToken=b03f5f7f11d50a3a" className="DictionaryTests.ConstantTest, Tests, Version=1.0.0.0, Culture=neutral, PublicKeyToken=null" name="RunConstantIntegerTest" />
    </UnitTest>
    <UnitTest name="LookupThrowsDictionaryNotFoundExceptionTest" storage="c:\users\ian\desktop\eecs-311 assignment 2\tests\bin\release\tests.dll" id="a81209f6-a080-7e84-0f4c-eb7bec625a2d">
      <Execution id="b65afa58-1e2a-4af8-b2e2-6c2ca6d2cf72" />
      <TestMethod codeBase="C:/Users/ian/Desktop/EECS-311 Assignment 2/Tests/bin/Release/Tests.DLL" adapterTypeName="Microsoft.VisualStudio.TestTools.TestTypes.Unit.UnitTestAdapter, Microsoft.VisualStudio.QualityTools.Tips.UnitTest.Adapter, Version=10.0.0.0, Culture=neutral, PublicKeyToken=b03f5f7f11d50a3a" className="DictionaryTests.ListDictionaryTest, Tests, Version=1.0.0.0, Culture=neutral, PublicKeyToken=null" name="LookupThrowsDictionaryNotFoundExceptionTest" />
    </UnitTest>
    <UnitTest name="StoreAndLookupTest" storage="c:\users\ian\desktop\eecs-311 assignment 2\tests\bin\release\tests.dll" id="6ca4448d-c8d8-cb48-08f9-2c044ff4ca63">
      <Execution id="3c448509-043e-4593-8c23-41aaa8262737" />
      <TestMethod codeBase="C:/Users/ian/Desktop/EECS-311 Assignment 2/Tests/bin/Release/Tests.DLL" adapterTypeName="Microsoft.VisualStudio.TestTools.TestTypes.Unit.UnitTestAdapter, Microsoft.VisualStudio.QualityTools.Tips.UnitTest.Adapter, Version=10.0.0.0, Culture=neutral, PublicKeyToken=b03f5f7f11d50a3a" className="DictionaryTests.ListDictionaryTest, Tests, Version=1.0.0.0, Culture=neutral, PublicKeyToken=null" name="StoreAndLookupTest" />
    </UnitTest>
    <UnitTest name="RunSumTest" storage="c:\users\ian\desktop\eecs-311 assignment 2\tests\bin\release\tests.dll" id="aca1b77d-c79d-e9db-ee09-039d293fc907">
      <Execution id="005c45d7-33bf-492b-a25e-598938583624" />
      <TestMethod codeBase="C:/Users/ian/Desktop/EECS-311 Assignment 2/Tests/bin/Release/Tests.DLL" adapterTypeName="Microsoft.VisualStudio.TestTools.TestTypes.Unit.UnitTestAdapter, Microsoft.VisualStudio.QualityTools.Tips.UnitTest.Adapter, Version=10.0.0.0, Culture=neutral, PublicKeyToken=b03f5f7f11d50a3a" className="DictionaryTests.OperatorExpressionTest, Tests, Version=1.0.0.0, Culture=neutral, PublicKeyToken=null" name="RunSumTest" />
    </UnitTest>
    <UnitTest name="MemberRefTest" storage="c:\users\ian\desktop\eecs-311 assignment 2\tests\bin\release\tests.dll" id="628853e3-ab3b-3342-4af9-4dedc03eac6d">
      <Execution id="cbc2d774-f65f-407d-a260-62b6fd246526" />
      <TestMethod codeBase="C:/Users/ian/Desktop/EECS-311 Assignment 2/Tests/bin/Release/Tests.DLL" adapterTypeName="Microsoft.VisualStudio.TestTools.TestTypes.Unit.UnitTestAdapter, Microsoft.VisualStudio.QualityTools.Tips.UnitTest.Adapter, Version=10.0.0.0, Culture=neutral, PublicKeyToken=b03f5f7f11d50a3a" className="DictionaryTests.MemberAssignmentTest, Tests, Version=1.0.0.0, Culture=neutral, PublicKeyToken=null" name="MemberRefTest" />
    </UnitTest>
    <UnitTest name="RunConstantStringTest" storage="c:\users\ian\desktop\eecs-311 assignment 2\tests\bin\release\tests.dll" id="4ea150a2-db47-7394-620b-5d13012b0327">
      <Execution id="9f58afe8-9287-49fb-9e4a-269fe70b16e5" />
      <TestMethod codeBase="C:/Users/ian/Desktop/EECS-311 Assignment 2/Tests/bin/Release/Tests.DLL" adapterTypeName="Microsoft.VisualStudio.TestTools.TestTypes.Unit.UnitTestAdapter, Microsoft.VisualStudio.QualityTools.Tips.UnitTest.Adapter, Version=10.0.0.0, Culture=neutral, PublicKeyToken=b03f5f7f11d50a3a" className="DictionaryTests.ConstantTest, Tests, Version=1.0.0.0, Culture=neutral, PublicKeyToken=null" name="RunConstantStringTest" />
    </UnitTest>
    <UnitTest name="CorrectTypeCheckingTest" storage="c:\users\ian\desktop\eecs-311 assignment 2\tests\bin\release\tests.dll" id="7b110512-064c-cfeb-fd10-5cd4f065e161">
      <Execution id="bae2826b-dcd2-4b05-ba27-0def6e5c1cd5" />
      <TestMethod codeBase="C:/Users/ian/Desktop/EECS-311 Assignment 2/Tests/bin/Release/Tests.DLL" adapterTypeName="Microsoft.VisualStudio.TestTools.TestTypes.Unit.UnitTestAdapter, Microsoft.VisualStudio.QualityTools.Tips.UnitTest.Adapter, Version=10.0.0.0, Culture=neutral, PublicKeyToken=b03f5f7f11d50a3a" className="DictionaryTests.ListDictionaryTest, Tests, Version=1.0.0.0, Culture=neutral, PublicKeyToken=null" name="CorrectTypeCheckingTest" />
    </UnitTest>
    <UnitTest name="MemberAssignTest" storage="c:\users\ian\desktop\eecs-311 assignment 2\tests\bin\release\tests.dll" id="bad66bbd-4821-5dda-2a04-94a374d654d8">
      <Execution id="9090dcf2-cf6b-4e21-a035-fe28963a944f" />
      <TestMethod codeBase="C:/Users/ian/Desktop/EECS-311 Assignment 2/Tests/bin/Release/Tests.DLL" adapterTypeName="Microsoft.VisualStudio.TestTools.TestTypes.Unit.UnitTestAdapter, Microsoft.VisualStudio.QualityTools.Tips.UnitTest.Adapter, Version=10.0.0.0, Culture=neutral, PublicKeyToken=b03f5f7f11d50a3a" className="DictionaryTests.MemberAssignmentTest, Tests, Version=1.0.0.0, Culture=neutral, PublicKeyToken=null" name="MemberAssignTest" />
    </UnitTest>
    <UnitTest name="StoreOverwriteTest" storage="c:\users\ian\desktop\eecs-311 assignment 2\tests\bin\release\tests.dll" id="a59fed79-d632-1104-46ba-5dc36f6e6e78">
      <Execution id="dafc12de-1b1b-4cca-86de-efeeedc78327" />
      <TestMethod codeBase="C:/Users/ian/Desktop/EECS-311 Assignment 2/Tests/bin/Release/Tests.DLL" adapterTypeName="Microsoft.VisualStudio.TestTools.TestTypes.Unit.UnitTestAdapter, Microsoft.VisualStudio.QualityTools.Tips.UnitTest.Adapter, Version=10.0.0.0, Culture=neutral, PublicKeyToken=b03f5f7f11d50a3a" className="DictionaryTests.ListDictionaryTest, Tests, Version=1.0.0.0, Culture=neutral, PublicKeyToken=null" name="StoreOverwriteTest" />
    </UnitTest>
    <UnitTest name="RunNegationTest" storage="c:\users\ian\desktop\eecs-311 assignment 2\tests\bin\release\tests.dll" id="8b8aa821-1750-4662-4440-5fb9f59e3453">
      <Execution id="9a872689-94be-41de-98cf-cbf738a41514" />
      <TestMethod codeBase="C:/Users/ian/Desktop/EECS-311 Assignment 2/Tests/bin/Release/Tests.DLL" adapterTypeName="Microsoft.VisualStudio.TestTools.TestTypes.Unit.UnitTestAdapter, Microsoft.VisualStudio.QualityTools.Tips.UnitTest.Adapter, Version=10.0.0.0, Culture=neutral, PublicKeyToken=b03f5f7f11d50a3a" className="DictionaryTests.OperatorExpressionTest, Tests, Version=1.0.0.0, Culture=neutral, PublicKeyToken=null" name="RunNegationTest" />
    </UnitTest>
    <UnitTest name="VariableReassignmentTest" storage="c:\users\ian\desktop\eecs-311 assignment 2\tests\bin\release\tests.dll" id="91144527-fab2-4f44-b4f9-5c8fb62a75cc">
      <Execution id="0c71ad93-5a4f-4eb6-a067-513a3b574c7f" />
      <TestMethod codeBase="C:/Users/ian/Desktop/EECS-311 Assignment 2/Tests/bin/Release/Tests.DLL" adapterTypeName="Microsoft.VisualStudio.TestTools.TestTypes.Unit.UnitTestAdapter, Microsoft.VisualStudio.QualityTools.Tips.UnitTest.Adapter, Version=10.0.0.0, Culture=neutral, PublicKeyToken=b03f5f7f11d50a3a" className="DictionaryTests.VariableAssignmentTest, Tests, Version=1.0.0.0, Culture=neutral, PublicKeyToken=null" name="VariableReassignmentTest" />
    </UnitTest>
    <UnitTest name="MemberMethodTest0Arg" storage="c:\users\ian\desktop\eecs-311 assignment 2\tests\bin\release\tests.dll" id="fa32822c-facb-58d9-bfec-5c55bf7afc36">
      <Execution id="6fb209aa-40a7-4d57-8f79-e068a44097a4" />
      <TestMethod codeBase="C:/Users/ian/Desktop/EECS-311 Assignment 2/Tests/bin/Release/Tests.DLL" adapterTypeName="Microsoft.VisualStudio.TestTools.TestTypes.Unit.UnitTestAdapter, Microsoft.VisualStudio.QualityTools.Tips.UnitTest.Adapter, Version=10.0.0.0, Culture=neutral, PublicKeyToken=b03f5f7f11d50a3a" className="DictionaryTests.MemberAssignmentTest, Tests, Version=1.0.0.0, Culture=neutral, PublicKeyToken=null" name="MemberMethodTest0Arg" />
    </UnitTest>
    <UnitTest name="MemberMethodTest2Args" storage="c:\users\ian\desktop\eecs-311 assignment 2\tests\bin\release\tests.dll" id="e33f2b20-ccc1-059e-ec52-d50703948c5f">
      <Execution id="6428332c-a5c7-4e54-98f0-8fb0b1a53227" />
      <TestMethod codeBase="C:/Users/ian/Desktop/EECS-311 Assignment 2/Tests/bin/Release/Tests.DLL" adapterTypeName="Microsoft.VisualStudio.TestTools.TestTypes.Unit.UnitTestAdapter, Microsoft.VisualStudio.QualityTools.Tips.UnitTest.Adapter, Version=10.0.0.0, Culture=neutral, PublicKeyToken=b03f5f7f11d50a3a" className="DictionaryTests.MemberAssignmentTest, Tests, Version=1.0.0.0, Culture=neutral, PublicKeyToken=null" name="MemberMethodTest2Args" />
    </UnitTest>
    <UnitTest name="RunProductTest" storage="c:\users\ian\desktop\eecs-311 assignment 2\tests\bin\release\tests.dll" id="1da900d2-8ad5-dec6-3f92-43659a67403f">
      <Execution id="203c2b85-1d09-4e62-acfb-dbd924a1f91a" />
      <TestMethod codeBase="C:/Users/ian/Desktop/EECS-311 Assignment 2/Tests/bin/Release/Tests.DLL" adapterTypeName="Microsoft.VisualStudio.TestTools.TestTypes.Unit.UnitTestAdapter, Microsoft.VisualStudio.QualityTools.Tips.UnitTest.Adapter, Version=10.0.0.0, Culture=neutral, PublicKeyToken=b03f5f7f11d50a3a" className="DictionaryTests.OperatorExpressionTest, Tests, Version=1.0.0.0, Culture=neutral, PublicKeyToken=null" name="RunProductTest" />
    </UnitTest>
  </TestDefinitions>
  <TestLists>
    <TestList name="Results Not in a List" id="8c84fa94-04c1-424b-9868-57a2d4851a1d" />
    <TestList name="All Loaded Results" id="19431567-8539-422a-85d7-44ee4e166bda" />
  </TestLists>
  <TestEntries>
    <TestEntry testId="1da900d2-8ad5-dec6-3f92-43659a67403f" executionId="203c2b85-1d09-4e62-acfb-dbd924a1f91a" testListId="8c84fa94-04c1-424b-9868-57a2d4851a1d" />
    <TestEntry testId="2ac26f14-7b0e-8a7b-7d99-8a6bf6539468" executionId="37725141-eea0-4afe-91cf-9cc102af889f" testListId="8c84fa94-04c1-424b-9868-57a2d4851a1d" />
    <TestEntry testId="430e6d44-5c9c-f0f3-69bf-25fc12219deb" executionId="276a4671-278c-4947-a01d-d9ddb387bccd" testListId="8c84fa94-04c1-424b-9868-57a2d4851a1d" />
    <TestEntry testId="4ea150a2-db47-7394-620b-5d13012b0327" executionId="9f58afe8-9287-49fb-9e4a-269fe70b16e5" testListId="8c84fa94-04c1-424b-9868-57a2d4851a1d" />
    <TestEntry testId="570d2617-c093-c0d9-5da1-5e705ca1262d" executionId="bb644211-a99c-49ce-a96e-7d600938782e" testListId="8c84fa94-04c1-424b-9868-57a2d4851a1d" />
    <TestEntry testId="628853e3-ab3b-3342-4af9-4dedc03eac6d" executionId="cbc2d774-f65f-407d-a260-62b6fd246526" testListId="8c84fa94-04c1-424b-9868-57a2d4851a1d" />
    <TestEntry testId="6ca4448d-c8d8-cb48-08f9-2c044ff4ca63" executionId="3c448509-043e-4593-8c23-41aaa8262737" testListId="8c84fa94-04c1-424b-9868-57a2d4851a1d" />
    <TestEntry testId="7b110512-064c-cfeb-fd10-5cd4f065e161" executionId="bae2826b-dcd2-4b05-ba27-0def6e5c1cd5" testListId="8c84fa94-04c1-424b-9868-57a2d4851a1d" />
    <TestEntry testId="8b8aa821-1750-4662-4440-5fb9f59e3453" executionId="9a872689-94be-41de-98cf-cbf738a41514" testListId="8c84fa94-04c1-424b-9868-57a2d4851a1d" />
    <TestEntry testId="90c0feba-8300-4d5d-9569-c2383b974ca7" executionId="bf6f8d9f-e3ac-41d9-96ea-1aa163ab3544" testListId="8c84fa94-04c1-424b-9868-57a2d4851a1d" />
    <TestEntry testId="91144527-fab2-4f44-b4f9-5c8fb62a75cc" executionId="0c71ad93-5a4f-4eb6-a067-513a3b574c7f" testListId="8c84fa94-04c1-424b-9868-57a2d4851a1d" />
    <TestEntry testId="a59fed79-d632-1104-46ba-5dc36f6e6e78" executionId="dafc12de-1b1b-4cca-86de-efeeedc78327" testListId="8c84fa94-04c1-424b-9868-57a2d4851a1d" />
    <TestEntry testId="a81209f6-a080-7e84-0f4c-eb7bec625a2d" executionId="b65afa58-1e2a-4af8-b2e2-6c2ca6d2cf72" testListId="8c84fa94-04c1-424b-9868-57a2d4851a1d" />
    <TestEntry testId="aca1b77d-c79d-e9db-ee09-039d293fc907" executionId="005c45d7-33bf-492b-a25e-598938583624" testListId="8c84fa94-04c1-424b-9868-57a2d4851a1d" />
    <TestEntry testId="bad66bbd-4821-5dda-2a04-94a374d654d8" executionId="9090dcf2-cf6b-4e21-a035-fe28963a944f" testListId="8c84fa94-04c1-424b-9868-57a2d4851a1d" />
    <TestEntry testId="c0df9bb7-afa1-94fd-32c4-7ccca67ca1d6" executionId="ddbf2a9c-e7aa-4354-8b68-676ef69745f3" testListId="8c84fa94-04c1-424b-9868-57a2d4851a1d" />
    <TestEntry testId="d354d05d-5a14-6853-83aa-d07785f73845" executionId="e51a82e4-cd96-453f-a4ef-e714603a9a50" testListId="8c84fa94-04c1-424b-9868-57a2d4851a1d" />
    <TestEntry testId="e33f2b20-ccc1-059e-ec52-d50703948c5f" executionId="6428332c-a5c7-4e54-98f0-8fb0b1a53227" testListId="8c84fa94-04c1-424b-9868-57a2d4851a1d" />
    <TestEntry testId="f5a341c8-0f31-edff-6652-5dd107e4450c" executionId="c98a112c-e943-4ad9-92c8-22d947cde125" testListId="8c84fa94-04c1-424b-9868-57a2d4851a1d" />
    <TestEntry testId="fa32822c-facb-58d9-bfec-5c55bf7afc36" executionId="6fb209aa-40a7-4d57-8f79-e068a44097a4" testListId="8c84fa94-04c1-424b-9868-57a2d4851a1d" />
  </TestEntries>
  <Results>
    <UnitTestResult executionId="203c2b85-1d09-4e62-acfb-dbd924a1f91a" testId="1da900d2-8ad5-dec6-3f92-43659a67403f" testName="RunProductTest" computerName="TOTORO" duration="00:00:00.0342125" startTime="2011-04-24T18:28:29.2625477-05:00" endTime="2011-04-24T18:28:29.6565702-05:00" testType="13cdc9d9-ddb5-4fa4-a97d-d965ccfc6d4b" outcome="Failed" testListId="8c84fa94-04c1-424b-9868-57a2d4851a1d" relativeResultsDirectory="203c2b85-1d09-4e62-acfb-dbd924a1f91a">
      <Output>
        <ErrorInfo>
          <Message>Test method DictionaryTests.OperatorExpressionTest.RunProductTest threw exception: 
System.NotImplementedException: The method or operation is not implemented.</Message>
          <StackTrace>    at DictionaryTests.OperatorExpressionTest.RunProductTest() in C:\Users\ian\Desktop\EECS-311 Assignment 2\Tests\OperatorExpressionTest.cs:line 83
</StackTrace>
        </ErrorInfo>
      </Output>
    </UnitTestResult>
    <UnitTestResult executionId="37725141-eea0-4afe-91cf-9cc102af889f" testId="2ac26f14-7b0e-8a7b-7d99-8a6bf6539468" testName="OverwriteUsingAddTest" computerName="TOTORO" duration="00:00:00.0096552" startTime="2011-04-24T18:28:29.6775714-05:00" endTime="2011-04-24T18:28:29.7115733-05:00" testType="13cdc9d9-ddb5-4fa4-a97d-d965ccfc6d4b" outcome="Failed" testListId="8c84fa94-04c1-424b-9868-57a2d4851a1d" relativeResultsDirectory="37725141-eea0-4afe-91cf-9cc102af889f">
      <Output>
        <ErrorInfo>
          <Message>Test method DictionaryTests.ListDictionaryTest.OverwriteUsingAddTest threw exception: 
System.NotImplementedException: The method or operation is not implemented.</Message>
          <StackTrace>    at DictionaryTests.ListDictionaryTest.OverwriteUsingAddTest() in C:\Users\ian\Desktop\EECS-311 Assignment 2\Tests\ListDictionaryTest.cs:line 126
</StackTrace>
        </ErrorInfo>
      </Output>
    </UnitTestResult>
    <UnitTestResult executionId="276a4671-278c-4947-a01d-d9ddb387bccd" testId="430e6d44-5c9c-f0f3-69bf-25fc12219deb" testName="IndirectAssignmentTest" computerName="TOTORO" duration="00:00:00.0190744" startTime="2011-04-24T18:28:29.8355804-05:00" endTime="2011-04-24T18:28:29.9255856-05:00" testType="13cdc9d9-ddb5-4fa4-a97d-d965ccfc6d4b" outcome="Failed" testListId="8c84fa94-04c1-424b-9868-57a2d4851a1d" relativeResultsDirectory="276a4671-278c-4947-a01d-d9ddb387bccd">
      <Output>
        <ErrorInfo>
          <Message>Test method DictionaryTests.VariableAssignmentTest.IndirectAssignmentTest threw exception: 
System.NotImplementedException: The method or operation is not implemented.</Message>
          <StackTrace>    at DictionaryTests.VariableAssignmentTest.IndirectAssignmentTest() in C:\Users\ian\Desktop\EECS-311 Assignment 2\Tests\VariableAssignmentTest.cs:line 108
</StackTrace>
        </ErrorInfo>
      </Output>
    </UnitTestResult>
    <UnitTestResult executionId="9f58afe8-9287-49fb-9e4a-269fe70b16e5" testId="4ea150a2-db47-7394-620b-5d13012b0327" testName="RunConstantStringTest" computerName="TOTORO" duration="00:00:00.0425000" startTime="2011-04-24T18:28:30.0255913-05:00" endTime="2011-04-24T18:28:30.1295973-05:00" testType="13cdc9d9-ddb5-4fa4-a97d-d965ccfc6d4b" outcome="Failed" testListId="8c84fa94-04c1-424b-9868-57a2d4851a1d" relativeResultsDirectory="9f58afe8-9287-49fb-9e4a-269fe70b16e5">
      <Output>
        <ErrorInfo>
          <Message>Test method DictionaryTests.ConstantTest.RunConstantStringTest threw exception: 
System.NotImplementedException: The method or operation is not implemented.</Message>
          <StackTrace>    at DictionaryTests.ConstantTest.RunConstantStringTest() in C:\Users\ian\Desktop\EECS-311 Assignment 2\Tests\ConstantTest.cs:line 85
</StackTrace>
        </ErrorInfo>
      </Output>
    </UnitTestResult>
    <UnitTestResult executionId="bb644211-a99c-49ce-a96e-7d600938782e" testId="570d2617-c093-c0d9-5da1-5e705ca1262d" testName="RunConstantIntegerTest" computerName="TOTORO" duration="00:00:00.0051833" startTime="2011-04-24T18:28:30.1635992-05:00" endTime="2011-04-24T18:28:30.1776000-05:00" testType="13cdc9d9-ddb5-4fa4-a97d-d965ccfc6d4b" outcome="Failed" testListId="8c84fa94-04c1-424b-9868-57a2d4851a1d" relativeResultsDirectory="bb644211-a99c-49ce-a96e-7d600938782e">
      <Output>
        <ErrorInfo>
          <Message>Test method DictionaryTests.ConstantTest.RunConstantIntegerTest threw exception: 
System.NotImplementedException: The method or operation is not implemented.</Message>
          <StackTrace>    at DictionaryTests.ConstantTest.RunConstantIntegerTest() in C:\Users\ian\Desktop\EECS-311 Assignment 2\Tests\ConstantTest.cs:line 71
</StackTrace>
        </ErrorInfo>
      </Output>
    </UnitTestResult>
    <UnitTestResult executionId="cbc2d774-f65f-407d-a260-62b6fd246526" testId="628853e3-ab3b-3342-4af9-4dedc03eac6d" testName="MemberRefTest" computerName="TOTORO" duration="00:00:00.0062588" startTime="2011-04-24T18:28:30.1916008-05:00" endTime="2011-04-24T18:28:30.2116019-05:00" testType="13cdc9d9-ddb5-4fa4-a97d-d965ccfc6d4b" outcome="Failed" testListId="8c84fa94-04c1-424b-9868-57a2d4851a1d" relativeResultsDirectory="cbc2d774-f65f-407d-a260-62b6fd246526">
      <Output>
        <ErrorInfo>
          <Message>Test method DictionaryTests.MemberAssignmentTest.MemberRefTest threw exception: 
System.NotImplementedException: The method or operation is not implemented.</Message>
          <StackTrace>    at DictionaryTests.MemberAssignmentTest.MemberRefTest() in C:\Users\ian\Desktop\EECS-311 Assignment 2\Tests\MemberAssignmentTest.cs:line 71
</StackTrace>
        </ErrorInfo>
      </Output>
    </UnitTestResult>
    <UnitTestResult executionId="3c448509-043e-4593-8c23-41aaa8262737" testId="6ca4448d-c8d8-cb48-08f9-2c044ff4ca63" testName="StoreAndLookupTest" computerName="TOTORO" duration="00:00:00.0063700" startTime="2011-04-24T18:28:30.2186023-05:00" endTime="2011-04-24T18:28:30.2406036-05:00" testType="13cdc9d9-ddb5-4fa4-a97d-d965ccfc6d4b" outcome="Failed" testListId="8c84fa94-04c1-424b-9868-57a2d4851a1d" relativeResultsDirectory="3c448509-043e-4593-8c23-41aaa8262737">
      <Output>
        <ErrorInfo>
          <Message>Test method DictionaryTests.ListDictionaryTest.StoreAndLookupTest threw exception: 
System.NotImplementedException: The method or operation is not implemented.</Message>
          <StackTrace>    at DictionaryTests.ListDictionaryTest.StoreAndLookupTest() in C:\Users\ian\Desktop\EECS-311 Assignment 2\Tests\ListDictionaryTest.cs:line 110
</StackTrace>
        </ErrorInfo>
      </Output>
    </UnitTestResult>
    <UnitTestResult executionId="bae2826b-dcd2-4b05-ba27-0def6e5c1cd5" testId="7b110512-064c-cfeb-fd10-5cd4f065e161" testName="CorrectTypeCheckingTest" computerName="TOTORO" duration="00:00:00.0060332" startTime="2011-04-24T18:28:30.2486041-05:00" endTime="2011-04-24T18:28:30.2716054-05:00" testType="13cdc9d9-ddb5-4fa4-a97d-d965ccfc6d4b" outcome="Failed" testListId="8c84fa94-04c1-424b-9868-57a2d4851a1d" relativeResultsDirectory="bae2826b-dcd2-4b05-ba27-0def6e5c1cd5">
      <Output>
        <ErrorInfo>
          <Message>Test method DictionaryTests.ListDictionaryTest.CorrectTypeCheckingTest threw exception: 
System.NotImplementedException: The method or operation is not implemented.</Message>
          <StackTrace>    at DictionaryTests.ListDictionaryTest.CorrectTypeCheckingTest() in C:\Users\ian\Desktop\EECS-311 Assignment 2\Tests\ListDictionaryTest.cs:line 139
</StackTrace>
        </ErrorInfo>
      </Output>
    </UnitTestResult>
    <UnitTestResult executionId="9a872689-94be-41de-98cf-cbf738a41514" testId="8b8aa821-1750-4662-4440-5fb9f59e3453" testName="RunNegationTest" computerName="TOTORO" duration="00:00:00.0013850" startTime="2011-04-24T18:28:30.2886064-05:00" endTime="2011-04-24T18:28:30.3006070-05:00" testType="13cdc9d9-ddb5-4fa4-a97d-d965ccfc6d4b" outcome="Failed" testListId="8c84fa94-04c1-424b-9868-57a2d4851a1d" relativeResultsDirectory="9a872689-94be-41de-98cf-cbf738a41514">
      <Output>
        <ErrorInfo>
          <Message>Test method DictionaryTests.OperatorExpressionTest.RunNegationTest threw exception: 
System.NotImplementedException: The method or operation is not implemented.</Message>
          <StackTrace>    at DictionaryTests.OperatorExpressionTest.RunNegationTest() in C:\Users\ian\Desktop\EECS-311 Assignment 2\Tests\OperatorExpressionTest.cs:line 95
</StackTrace>
        </ErrorInfo>
      </Output>
    </UnitTestResult>
    <UnitTestResult executionId="bf6f8d9f-e3ac-41d9-96ea-1aa163ab3544" testId="90c0feba-8300-4d5d-9569-c2383b974ca7" testName="MemberMethodTest1Arg" computerName="TOTORO" duration="00:00:00.0020178" startTime="2011-04-24T18:28:30.3126077-05:00" endTime="2011-04-24T18:28:30.3316088-05:00" testType="13cdc9d9-ddb5-4fa4-a97d-d965ccfc6d4b" outcome="Failed" testListId="8c84fa94-04c1-424b-9868-57a2d4851a1d" relativeResultsDirectory="bf6f8d9f-e3ac-41d9-96ea-1aa163ab3544">
      <Output>
        <ErrorInfo>
          <Message>Test method DictionaryTests.MemberAssignmentTest.MemberMethodTest1Arg threw exception: 
System.NotImplementedException: The method or operation is not implemented.</Message>
          <StackTrace>    at DictionaryTests.MemberAssignmentTest.MemberMethodTest1Arg() in C:\Users\ian\Desktop\EECS-311 Assignment 2\Tests\MemberAssignmentTest.cs:line 105
</StackTrace>
        </ErrorInfo>
      </Output>
    </UnitTestResult>
    <UnitTestResult executionId="0c71ad93-5a4f-4eb6-a067-513a3b574c7f" testId="91144527-fab2-4f44-b4f9-5c8fb62a75cc" testName="VariableReassignmentTest" computerName="TOTORO" duration="00:00:00.0020101" startTime="2011-04-24T18:28:30.3436095-05:00" endTime="2011-04-24T18:28:30.3586104-05:00" testType="13cdc9d9-ddb5-4fa4-a97d-d965ccfc6d4b" outcome="Failed" testListId="8c84fa94-04c1-424b-9868-57a2d4851a1d" relativeResultsDirectory="0c71ad93-5a4f-4eb6-a067-513a3b574c7f">
      <Output>
        <ErrorInfo>
          <Message>Test method DictionaryTests.VariableAssignmentTest.VariableReassignmentTest threw exception: 
System.NotImplementedException: The method or operation is not implemented.</Message>
          <StackTrace>    at DictionaryTests.VariableAssignmentTest.VariableReassignmentTest() in C:\Users\ian\Desktop\EECS-311 Assignment 2\Tests\VariableAssignmentTest.cs:line 88
</StackTrace>
        </ErrorInfo>
      </Output>
    </UnitTestResult>
    <UnitTestResult executionId="dafc12de-1b1b-4cca-86de-efeeedc78327" testId="a59fed79-d632-1104-46ba-5dc36f6e6e78" testName="StoreOverwriteTest" computerName="TOTORO" duration="00:00:00.0014296" startTime="2011-04-24T18:28:30.3646107-05:00" endTime="2011-04-24T18:28:30.3756113-05:00" testType="13cdc9d9-ddb5-4fa4-a97d-d965ccfc6d4b" outcome="Failed" testListId="8c84fa94-04c1-424b-9868-57a2d4851a1d" relativeResultsDirectory="dafc12de-1b1b-4cca-86de-efeeedc78327">
      <Output>
        <ErrorInfo>
          <Message>Test method DictionaryTests.ListDictionaryTest.StoreOverwriteTest threw exception: 
System.NotImplementedException: The method or operation is not implemented.</Message>
          <StackTrace>    at DictionaryTests.ListDictionaryTest.StoreOverwriteTest() in C:\Users\ian\Desktop\EECS-311 Assignment 2\Tests\ListDictionaryTest.cs:line 82
</StackTrace>
        </ErrorInfo>
      </Output>
    </UnitTestResult>
    <UnitTestResult executionId="b65afa58-1e2a-4af8-b2e2-6c2ca6d2cf72" testId="a81209f6-a080-7e84-0f4c-eb7bec625a2d" testName="LookupThrowsDictionaryNotFoundExceptionTest" computerName="TOTORO" duration="00:00:00.0029471" startTime="2011-04-24T18:28:30.3806116-05:00" endTime="2011-04-24T18:28:30.3956125-05:00" testType="13cdc9d9-ddb5-4fa4-a97d-d965ccfc6d4b" outcome="Failed" testListId="8c84fa94-04c1-424b-9868-57a2d4851a1d" relativeResultsDirectory="b65afa58-1e2a-4af8-b2e2-6c2ca6d2cf72">
      <Output>
        <ErrorInfo>
          <Message>Test method DictionaryTests.ListDictionaryTest.LookupThrowsDictionaryNotFoundExceptionTest threw exception System.NotImplementedException, but exception HappyFunBlob.DictionaryKeyNotFoundException was expected. Exception message: System.NotImplementedException: The method or operation is not implemented.</Message>
          <StackTrace>    at DictionaryTests.ListDictionaryTest.LookupThrowsDictionaryNotFoundExceptionTest() in C:\Users\ian\Desktop\EECS-311 Assignment 2\Tests\ListDictionaryTest.cs:line 98
</StackTrace>
        </ErrorInfo>
      </Output>
    </UnitTestResult>
    <UnitTestResult executionId="005c45d7-33bf-492b-a25e-598938583624" testId="aca1b77d-c79d-e9db-ee09-039d293fc907" testName="RunSumTest" computerName="TOTORO" duration="00:00:00.0013061" startTime="2011-04-24T18:28:30.4006128-05:00" endTime="2011-04-24T18:28:30.4076132-05:00" testType="13cdc9d9-ddb5-4fa4-a97d-d965ccfc6d4b" outcome="Failed" testListId="8c84fa94-04c1-424b-9868-57a2d4851a1d" relativeResultsDirectory="005c45d7-33bf-492b-a25e-598938583624">
      <Output>
        <ErrorInfo>
          <Message>Test method DictionaryTests.OperatorExpressionTest.RunSumTest threw exception: 
System.NotImplementedException: The method or operation is not implemented.</Message>
          <StackTrace>    at DictionaryTests.OperatorExpressionTest.RunSumTest() in C:\Users\ian\Desktop\EECS-311 Assignment 2\Tests\OperatorExpressionTest.cs:line 71
</StackTrace>
        </ErrorInfo>
      </Output>
    </UnitTestResult>
    <UnitTestResult executionId="9090dcf2-cf6b-4e21-a035-fe28963a944f" testId="bad66bbd-4821-5dda-2a04-94a374d654d8" testName="MemberAssignTest" computerName="TOTORO" duration="00:00:00.0014651" startTime="2011-04-24T18:28:30.4116134-05:00" endTime="2011-04-24T18:28:30.4176137-05:00" testType="13cdc9d9-ddb5-4fa4-a97d-d965ccfc6d4b" outcome="Failed" testListId="8c84fa94-04c1-424b-9868-57a2d4851a1d" relativeResultsDirectory="9090dcf2-cf6b-4e21-a035-fe28963a944f">
      <Output>
        <ErrorInfo>
          <Message>Test method DictionaryTests.MemberAssignmentTest.MemberAssignTest threw exception: 
System.NotImplementedException: The method or operation is not implemented.</Message>
          <StackTrace>    at DictionaryTests.MemberAssignmentTest.MemberAssignTest() in C:\Users\ian\Desktop\EECS-311 Assignment 2\Tests\MemberAssignmentTest.cs:line 89
</StackTrace>
        </ErrorInfo>
      </Output>
    </UnitTestResult>
    <UnitTestResult executionId="ddbf2a9c-e7aa-4354-8b68-676ef69745f3" testId="c0df9bb7-afa1-94fd-32c4-7ccca67ca1d6" testName="VariableAssignTest" computerName="TOTORO" duration="00:00:00.0013284" startTime="2011-04-24T18:28:30.4226140-05:00" endTime="2011-04-24T18:28:30.4276143-05:00" testType="13cdc9d9-ddb5-4fa4-a97d-d965ccfc6d4b" outcome="Failed" testListId="8c84fa94-04c1-424b-9868-57a2d4851a1d" relativeResultsDirectory="ddbf2a9c-e7aa-4354-8b68-676ef69745f3">
      <Output>
        <ErrorInfo>
          <Message>Test method DictionaryTests.VariableAssignmentTest.VariableAssignTest threw exception: 
System.NotImplementedException: The method or operation is not implemented.</Message>
          <StackTrace>    at DictionaryTests.VariableAssignmentTest.VariableAssignTest() in C:\Users\ian\Desktop\EECS-311 Assignment 2\Tests\VariableAssignmentTest.cs:line 71
</StackTrace>
        </ErrorInfo>
      </Output>
    </UnitTestResult>
    <UnitTestResult executionId="e51a82e4-cd96-453f-a4ef-e714603a9a50" testId="d354d05d-5a14-6853-83aa-d07785f73845" testName="ListDictionaryConstructorTest" computerName="TOTORO" duration="00:00:00.0011921" startTime="2011-04-24T18:28:30.4326146-05:00" endTime="2011-04-24T18:28:30.4376149-05:00" testType="13cdc9d9-ddb5-4fa4-a97d-d965ccfc6d4b" outcome="Failed" testListId="8c84fa94-04c1-424b-9868-57a2d4851a1d" relativeResultsDirectory="e51a82e4-cd96-453f-a4ef-e714603a9a50">
      <Output>
        <ErrorInfo>
          <Message>Test method DictionaryTests.ListDictionaryTest.ListDictionaryConstructorTest threw exception: 
System.NotImplementedException: The method or operation is not implemented.</Message>
          <StackTrace>    at DictionaryTests.ListDictionaryTest.ListDictionaryConstructorTest() in C:\Users\ian\Desktop\EECS-311 Assignment 2\Tests\ListDictionaryTest.cs:line 72
</StackTrace>
        </ErrorInfo>
      </Output>
    </UnitTestResult>
    <UnitTestResult executionId="6428332c-a5c7-4e54-98f0-8fb0b1a53227" testId="e33f2b20-ccc1-059e-ec52-d50703948c5f" testName="MemberMethodTest2Args" computerName="TOTORO" duration="00:00:00.0013068" startTime="2011-04-24T18:28:30.4416151-05:00" endTime="2011-04-24T18:28:30.4476154-05:00" testType="13cdc9d9-ddb5-4fa4-a97d-d965ccfc6d4b" outcome="Failed" testListId="8c84fa94-04c1-424b-9868-57a2d4851a1d" relativeResultsDirectory="6428332c-a5c7-4e54-98f0-8fb0b1a53227">
      <Output>
        <ErrorInfo>
          <Message>Test method DictionaryTests.MemberAssignmentTest.MemberMethodTest2Args threw exception: 
System.NotImplementedException: The method or operation is not implemented.</Message>
          <StackTrace>    at DictionaryTests.MemberAssignmentTest.MemberMethodTest2Args() in C:\Users\ian\Desktop\EECS-311 Assignment 2\Tests\MemberAssignmentTest.cs:line 131
</StackTrace>
        </ErrorInfo>
      </Output>
    </UnitTestResult>
    <UnitTestResult executionId="c98a112c-e943-4ad9-92c8-22d947cde125" testId="f5a341c8-0f31-edff-6652-5dd107e4450c" testName="RunTest" computerName="TOTORO" duration="00:00:00.0014543" startTime="2011-04-24T18:28:30.4526157-05:00" endTime="2011-04-24T18:28:30.4586161-05:00" testType="13cdc9d9-ddb5-4fa4-a97d-d965ccfc6d4b" outcome="Failed" testListId="8c84fa94-04c1-424b-9868-57a2d4851a1d" relativeResultsDirectory="c98a112c-e943-4ad9-92c8-22d947cde125">
      <Output>
        <ErrorInfo>
          <Message>Test method DictionaryTests.VariableReferenceTest.RunTest threw exception: 
System.NotImplementedException: The method or operation is not implemented.</Message>
          <StackTrace>    at DictionaryTests.VariableReferenceTest.RunTest() in C:\Users\ian\Desktop\EECS-311 Assignment 2\Tests\VariableReferenceTest.cs:line 71
</StackTrace>
        </ErrorInfo>
      </Output>
    </UnitTestResult>
    <UnitTestResult executionId="6fb209aa-40a7-4d57-8f79-e068a44097a4" testId="fa32822c-facb-58d9-bfec-5c55bf7afc36" testName="MemberMethodTest0Arg" computerName="TOTORO" duration="00:00:00.0013188" startTime="2011-04-24T18:28:30.4626163-05:00" endTime="2011-04-24T18:28:30.4686166-05:00" testType="13cdc9d9-ddb5-4fa4-a97d-d965ccfc6d4b" outcome="Failed" testListId="8c84fa94-04c1-424b-9868-57a2d4851a1d" relativeResultsDirectory="6fb209aa-40a7-4d57-8f79-e068a44097a4">
      <Output>
        <ErrorInfo>
          <Message>Test method DictionaryTests.MemberAssignmentTest.MemberMethodTest0Arg threw exception: 
System.NotImplementedException: The method or operation is not implemented.</Message>
          <StackTrace>    at DictionaryTests.MemberAssignmentTest.MemberMethodTest0Arg() in C:\Users\ian\Desktop\EECS-311 Assignment 2\Tests\MemberAssignmentTest.cs:line 118
</StackTrace>
        </ErrorInfo>
      </Output>
    </UnitTestResult>
  </Results>
</TestRun>